\BOOKMARK [1][-]{section.1}{\376\377\000I\000n\000t\000r\000o\000d\000u\000c\000t\000i\000o\000n}{}% 1
\BOOKMARK [2][-]{subsection.1.1}{\376\377\000B\000a\000c\000k\000g\000r\000o\000u\000n\000d\000\040\000a\000n\000d\000\040\000M\000o\000t\000i\000v\000a\000t\000i\000o\000n}{section.1}% 2
\BOOKMARK [2][-]{subsection.1.2}{\376\377\000P\000r\000o\000b\000l\000e\000m\000\040\000S\000t\000a\000t\000e\000m\000e\000n\000t}{section.1}% 3
\BOOKMARK [2][-]{subsection.1.3}{\376\377\000C\000o\000n\000t\000r\000i\000b\000u\000t\000i\000o\000n\000\040\000S\000u\000m\000m\000a\000r\000y}{section.1}% 4
\BOOKMARK [1][-]{section.2}{\376\377\000S\000y\000s\000t\000e\000m\000\040\000A\000r\000c\000h\000i\000t\000e\000c\000t\000u\000r\000e}{}% 5
\BOOKMARK [2][-]{subsection.2.1}{\376\377\000C\000o\000r\000e\000\040\000F\000r\000a\000m\000e\000w\000o\000r\000k\000\040\000D\000e\000s\000i\000g\000n}{section.2}% 6
\BOOKMARK [3][-]{subsubsection.2.1.1}{\376\377\000A\000r\000c\000h\000i\000t\000e\000c\000t\000u\000r\000a\000l\000\040\000L\000a\000y\000e\000r\000s}{subsection.2.1}% 7
\BOOKMARK [3][-]{subsubsection.2.1.2}{\376\377\000F\000r\000a\000m\000e\000w\000o\000r\000k\000\040\000C\000o\000m\000p\000o\000n\000e\000n\000t\000s}{subsection.2.1}% 8
\BOOKMARK [2][-]{subsection.2.2}{\376\377\000L\000a\000z\000y\000\040\000C\000a\000p\000s\000u\000l\000e\000\040\000M\000a\000t\000e\000r\000i\000a\000l\000i\000z\000a\000t\000i\000o\000n\000\040\000\050\000L\000C\000M\000\051\000\040\000P\000r\000o\000c\000e\000s\000s}{section.2}% 9
\BOOKMARK [3][-]{subsubsection.2.2.1}{\376\377\000C\000o\000n\000c\000e\000p\000t\000u\000a\000l\000\040\000F\000o\000u\000n\000d\000a\000t\000i\000o\000n}{subsection.2.2}% 10
\BOOKMARK [3][-]{subsubsection.2.2.2}{\376\377\000T\000e\000c\000h\000n\000i\000c\000a\000l\000\040\000I\000m\000p\000l\000e\000m\000e\000n\000t\000a\000t\000i\000o\000n}{subsection.2.2}% 11
\BOOKMARK [3][-]{subsubsection.2.2.3}{\376\377\000S\000t\000o\000r\000a\000g\000e\000\040\000E\000f\000f\000i\000c\000i\000e\000n\000c\000y\000\040\000A\000n\000a\000l\000y\000s\000i\000s}{subsection.2.2}% 12
\BOOKMARK [2][-]{subsection.2.3}{\376\377\000C\000r\000y\000p\000t\000o\000g\000r\000a\000p\000h\000i\000c\000\040\000V\000e\000r\000i\000f\000i\000c\000a\000t\000i\000o\000n\000\040\000C\000h\000a\000i\000n}{section.2}% 13
\BOOKMARK [3][-]{subsubsection.2.3.1}{\376\377\000H\000a\000s\000h\000\040\000T\000r\000e\000e\000\040\000A\000r\000c\000h\000i\000t\000e\000c\000t\000u\000r\000e}{subsection.2.3}% 14
\BOOKMARK [3][-]{subsubsection.2.3.2}{\376\377\000D\000i\000g\000i\000t\000a\000l\000\040\000S\000i\000g\000n\000a\000t\000u\000r\000e\000\040\000I\000n\000t\000e\000g\000r\000a\000t\000i\000o\000n}{subsection.2.3}% 15
\BOOKMARK [3][-]{subsubsection.2.3.3}{\376\377\000V\000e\000r\000i\000f\000i\000c\000a\000t\000i\000o\000n\000\040\000P\000r\000o\000t\000o\000c\000o\000l\000s}{subsection.2.3}% 16
\BOOKMARK [1][-]{section.3}{\376\377\000I\000n\000d\000u\000s\000t\000r\000y\000\040\000I\000m\000p\000l\000e\000m\000e\000n\000t\000a\000t\000i\000o\000n\000\040\000A\000n\000a\000l\000y\000s\000i\000s}{}% 17
\BOOKMARK [2][-]{subsection.3.1}{\376\377\000C\000r\000o\000s\000s\000-\000I\000n\000d\000u\000s\000t\000r\000y\000\040\000A\000r\000c\000h\000i\000t\000e\000c\000t\000u\000r\000e\000\040\000P\000a\000t\000t\000e\000r\000n}{section.3}% 18
\BOOKMARK [3][-]{subsubsection.3.1.1}{\376\377\000U\000n\000i\000f\000i\000e\000d\000\040\000I\000m\000p\000l\000e\000m\000e\000n\000t\000a\000t\000i\000o\000n\000\040\000S\000t\000r\000u\000c\000t\000u\000r\000e}{subsection.3.1}% 19
\BOOKMARK [3][-]{subsubsection.3.1.2}{\376\377\000I\000n\000d\000u\000s\000t\000r\000y\000\040\000C\000o\000v\000e\000r\000a\000g\000e\000\040\000M\000a\000t\000r\000i\000x}{subsection.3.1}% 20
\BOOKMARK [2][-]{subsection.3.2}{\376\377\000B\000a\000n\000k\000i\000n\000g\000\040\000\046\000\040\000F\000i\000n\000a\000n\000c\000i\000a\000l\000\040\000S\000e\000r\000v\000i\000c\000e\000s\000\040\000I\000m\000p\000l\000e\000m\000e\000n\000t\000a\000t\000i\000o\000n}{section.3}% 21
\BOOKMARK [3][-]{subsubsection.3.2.1}{\376\377\000R\000e\000g\000u\000l\000a\000t\000o\000r\000y\000\040\000F\000r\000a\000m\000e\000w\000o\000r\000k\000\040\000I\000n\000t\000e\000g\000r\000a\000t\000i\000o\000n}{subsection.3.2}% 22
\BOOKMARK [3][-]{subsubsection.3.2.2}{\376\377\000T\000h\000e\000o\000r\000e\000t\000i\000c\000a\000l\000\040\000P\000e\000r\000f\000o\000r\000m\000a\000n\000c\000e\000\040\000A\000n\000a\000l\000y\000s\000i\000s}{subsection.3.2}% 23
\BOOKMARK [3][-]{subsubsection.3.2.3}{\376\377\000C\000o\000m\000p\000l\000i\000a\000n\000c\000e\000\040\000M\000a\000p\000p\000i\000n\000g\000\040\000E\000x\000a\000m\000p\000l\000e}{subsection.3.2}% 24
\BOOKMARK [2][-]{subsection.3.3}{\376\377\000H\000e\000a\000l\000t\000h\000c\000a\000r\000e\000\040\000\046\000\040\000M\000e\000d\000i\000c\000a\000l\000\040\000I\000m\000p\000l\000e\000m\000e\000n\000t\000a\000t\000i\000o\000n}{section.3}% 25
\BOOKMARK [3][-]{subsubsection.3.3.1}{\376\377\000F\000D\000A\000\040\000S\000o\000f\000t\000w\000a\000r\000e\000\040\000a\000s\000\040\000M\000e\000d\000i\000c\000a\000l\000\040\000D\000e\000v\000i\000c\000e\000\040\000\050\000S\000a\000M\000D\000\051\000\040\000C\000o\000m\000p\000l\000i\000a\000n\000c\000e}{subsection.3.3}% 26
\BOOKMARK [3][-]{subsubsection.3.3.2}{\376\377\000P\000a\000t\000i\000e\000n\000t\000\040\000P\000r\000i\000v\000a\000c\000y\000\040\000P\000r\000o\000t\000e\000c\000t\000i\000o\000n}{subsection.3.3}% 27
\BOOKMARK [3][-]{subsubsection.3.3.3}{\376\377\000T\000h\000e\000o\000r\000e\000t\000i\000c\000a\000l\000\040\000C\000l\000i\000n\000i\000c\000a\000l\000\040\000V\000a\000l\000i\000d\000a\000t\000i\000o\000n}{subsection.3.3}% 28
\BOOKMARK [2][-]{subsection.3.4}{\376\377\000G\000o\000v\000e\000r\000n\000m\000e\000n\000t\000\040\000\046\000\040\000P\000u\000b\000l\000i\000c\000\040\000S\000e\000c\000t\000o\000r\000\040\000I\000m\000p\000l\000e\000m\000e\000n\000t\000a\000t\000i\000o\000n}{section.3}% 29
\BOOKMARK [3][-]{subsubsection.3.4.1}{\376\377\000O\000M\000B\000\040\000M\000-\0002\0004\000-\0001\0000\000\040\000A\000l\000g\000o\000r\000i\000t\000h\000m\000i\000c\000\040\000T\000r\000a\000n\000s\000p\000a\000r\000e\000n\000c\000y}{subsection.3.4}% 30
\BOOKMARK [3][-]{subsubsection.3.4.2}{\376\377\000S\000e\000c\000u\000r\000i\000t\000y\000\040\000C\000o\000m\000p\000l\000i\000a\000n\000c\000e\000\040\000I\000n\000t\000e\000g\000r\000a\000t\000i\000o\000n}{subsection.3.4}% 31
\BOOKMARK [3][-]{subsubsection.3.4.3}{\376\377\000P\000u\000b\000l\000i\000c\000\040\000A\000c\000c\000o\000u\000n\000t\000a\000b\000i\000l\000i\000t\000y\000\040\000M\000e\000c\000h\000a\000n\000i\000s\000m\000s}{subsection.3.4}% 32
\BOOKMARK [1][-]{section.4}{\376\377\000C\000r\000y\000p\000t\000o\000g\000r\000a\000p\000h\000i\000c\000\040\000I\000m\000p\000l\000e\000m\000e\000n\000t\000a\000t\000i\000o\000n\000\040\000D\000e\000t\000a\000i\000l\000s}{}% 33
\BOOKMARK [2][-]{subsection.4.1}{\376\377\000H\000a\000s\000h\000\040\000F\000u\000n\000c\000t\000i\000o\000n\000\040\000S\000e\000l\000e\000c\000t\000i\000o\000n\000\040\000a\000n\000d\000\040\000I\000m\000p\000l\000e\000m\000e\000n\000t\000a\000t\000i\000o\000n}{section.4}% 34
\BOOKMARK [3][-]{subsubsection.4.1.1}{\376\377\000C\000r\000y\000p\000t\000o\000g\000r\000a\000p\000h\000i\000c\000\040\000P\000r\000i\000m\000i\000t\000i\000v\000e\000s}{subsection.4.1}% 35
\BOOKMARK [3][-]{subsubsection.4.1.2}{\376\377\000H\000a\000s\000h\000\040\000S\000e\000l\000e\000c\000t\000i\000o\000n\000\040\000C\000r\000i\000t\000e\000r\000i\000a}{subsection.4.1}% 36
\BOOKMARK [2][-]{subsection.4.2}{\376\377\000D\000i\000g\000i\000t\000a\000l\000\040\000S\000i\000g\000n\000a\000t\000u\000r\000e\000\040\000A\000r\000c\000h\000i\000t\000e\000c\000t\000u\000r\000e}{section.4}% 37
\BOOKMARK [3][-]{subsubsection.4.2.1}{\376\377\000E\000d\0002\0005\0005\0001\0009\000\040\000I\000m\000p\000l\000e\000m\000e\000n\000t\000a\000t\000i\000o\000n}{subsection.4.2}% 38
\BOOKMARK [3][-]{subsubsection.4.2.2}{\376\377\000S\000i\000g\000n\000a\000t\000u\000r\000e\000\040\000I\000n\000t\000e\000g\000r\000a\000t\000i\000o\000n\000\040\000P\000a\000t\000t\000e\000r\000n}{subsection.4.2}% 39
\BOOKMARK [2][-]{subsection.4.3}{\376\377\000M\000e\000r\000k\000l\000e\000\040\000T\000r\000e\000e\000\040\000C\000o\000n\000s\000t\000r\000u\000c\000t\000i\000o\000n}{section.4}% 40
\BOOKMARK [3][-]{subsubsection.4.3.1}{\376\377\000T\000r\000e\000e\000\040\000A\000r\000c\000h\000i\000t\000e\000c\000t\000u\000r\000e}{subsection.4.3}% 41
\BOOKMARK [3][-]{subsubsection.4.3.2}{\376\377\000V\000e\000r\000i\000f\000i\000c\000a\000t\000i\000o\000n\000\040\000P\000r\000o\000t\000o\000c\000o\000l}{subsection.4.3}% 42
\BOOKMARK [2][-]{subsection.4.4}{\376\377\000K\000e\000y\000\040\000M\000a\000n\000a\000g\000e\000m\000e\000n\000t\000\040\000a\000n\000d\000\040\000S\000e\000c\000u\000r\000i\000t\000y}{section.4}% 43
\BOOKMARK [3][-]{subsubsection.4.4.1}{\376\377\000K\000e\000y\000\040\000D\000e\000r\000i\000v\000a\000t\000i\000o\000n\000\040\000F\000r\000a\000m\000e\000w\000o\000r\000k}{subsection.4.4}% 44
\BOOKMARK [3][-]{subsubsection.4.4.2}{\376\377\000S\000e\000c\000u\000r\000i\000t\000y\000\040\000C\000o\000n\000s\000i\000d\000e\000r\000a\000t\000i\000o\000n\000s}{subsection.4.4}% 45
\BOOKMARK [1][-]{section.5}{\376\377\000T\000h\000e\000o\000r\000e\000t\000i\000c\000a\000l\000\040\000P\000e\000r\000f\000o\000r\000m\000a\000n\000c\000e\000\040\000A\000n\000a\000l\000y\000s\000i\000s}{}% 46
\BOOKMARK [2][-]{subsection.5.1}{\376\377\000S\000c\000a\000l\000a\000b\000i\000l\000i\000t\000y\000\040\000M\000e\000t\000r\000i\000c\000s}{section.5}% 47
\BOOKMARK [3][-]{subsubsection.5.1.1}{\376\377\000S\000t\000o\000r\000a\000g\000e\000\040\000E\000f\000f\000i\000c\000i\000e\000n\000c\000y\000\040\000A\000n\000a\000l\000y\000s\000i\000s}{subsection.5.1}% 48
\BOOKMARK [3][-]{subsubsection.5.1.2}{\376\377\000P\000r\000o\000c\000e\000s\000s\000i\000n\000g\000\040\000P\000e\000r\000f\000o\000r\000m\000a\000n\000c\000e}{subsection.5.1}% 49
\BOOKMARK [2][-]{subsection.5.2}{\376\377\000C\000o\000m\000p\000l\000i\000a\000n\000c\000e\000\040\000A\000u\000t\000o\000m\000a\000t\000i\000o\000n\000\040\000E\000f\000f\000i\000c\000i\000e\000n\000c\000y}{section.5}% 50
\BOOKMARK [3][-]{subsubsection.5.2.1}{\376\377\000A\000u\000d\000i\000t\000\040\000P\000r\000e\000p\000a\000r\000a\000t\000i\000o\000n\000\040\000T\000i\000m\000e\000\040\000A\000n\000a\000l\000y\000s\000i\000s}{subsection.5.2}% 51
\BOOKMARK [3][-]{subsubsection.5.2.2}{\376\377\000C\000o\000m\000p\000l\000i\000a\000n\000c\000e\000\040\000C\000o\000v\000e\000r\000a\000g\000e\000\040\000A\000n\000a\000l\000y\000s\000i\000s}{subsection.5.2}% 52
\BOOKMARK [2][-]{subsection.5.3}{\376\377\000E\000c\000o\000n\000o\000m\000i\000c\000\040\000I\000m\000p\000a\000c\000t\000\040\000A\000n\000a\000l\000y\000s\000i\000s}{section.5}% 53
\BOOKMARK [3][-]{subsubsection.5.3.1}{\376\377\000C\000o\000s\000t\000-\000B\000e\000n\000e\000f\000i\000t\000\040\000M\000o\000d\000e\000l\000i\000n\000g}{subsection.5.3}% 54
\BOOKMARK [3][-]{subsubsection.5.3.2}{\376\377\000R\000i\000s\000k\000\040\000M\000i\000t\000i\000g\000a\000t\000i\000o\000n\000\040\000V\000a\000l\000u\000e}{subsection.5.3}% 55
\BOOKMARK [1][-]{section.6}{\376\377\000R\000e\000g\000u\000l\000a\000t\000o\000r\000y\000\040\000C\000o\000m\000p\000l\000i\000a\000n\000c\000e\000\040\000F\000r\000a\000m\000e\000w\000o\000r\000k}{}% 56
\BOOKMARK [2][-]{subsection.6.1}{\376\377\000M\000u\000l\000t\000i\000-\000J\000u\000r\000i\000s\000d\000i\000c\000t\000i\000o\000n\000a\000l\000\040\000C\000o\000m\000p\000l\000i\000a\000n\000c\000e\000\040\000A\000r\000c\000h\000i\000t\000e\000c\000t\000u\000r\000e}{section.6}% 57
\BOOKMARK [3][-]{subsubsection.6.1.1}{\376\377\000R\000e\000g\000u\000l\000a\000t\000o\000r\000y\000\040\000M\000a\000p\000p\000i\000n\000g\000\040\000M\000e\000t\000h\000o\000d\000o\000l\000o\000g\000y}{subsection.6.1}% 58
\BOOKMARK [3][-]{subsubsection.6.1.2}{\376\377\000C\000r\000o\000s\000s\000-\000R\000e\000g\000u\000l\000a\000t\000o\000r\000y\000\040\000H\000a\000r\000m\000o\000n\000i\000z\000a\000t\000i\000o\000n}{subsection.6.1}% 59
\BOOKMARK [2][-]{subsection.6.2}{\376\377\000S\000p\000e\000c\000i\000f\000i\000c\000\040\000R\000e\000g\000u\000l\000a\000t\000o\000r\000y\000\040\000F\000r\000a\000m\000e\000w\000o\000r\000k\000\040\000A\000n\000a\000l\000y\000s\000i\000s}{section.6}% 60
\BOOKMARK [3][-]{subsubsection.6.2.1}{\376\377\000E\000U\000\040\000A\000I\000\040\000A\000c\000t\000\040\000C\000o\000m\000p\000l\000i\000a\000n\000c\000e}{subsection.6.2}% 61
\BOOKMARK [3][-]{subsubsection.6.2.2}{\376\377\000U\000S\000\040\000F\000e\000d\000e\000r\000a\000l\000\040\000R\000e\000g\000u\000l\000a\000t\000o\000r\000y\000\040\000C\000o\000m\000p\000l\000i\000a\000n\000c\000e}{subsection.6.2}% 62
\BOOKMARK [3][-]{subsubsection.6.2.3}{\376\377\000I\000n\000t\000e\000r\000n\000a\000t\000i\000o\000n\000a\000l\000\040\000S\000t\000a\000n\000d\000a\000r\000d\000s\000\040\000I\000n\000t\000e\000g\000r\000a\000t\000i\000o\000n}{subsection.6.2}% 63
\BOOKMARK [2][-]{subsection.6.3}{\376\377\000C\000o\000m\000p\000l\000i\000a\000n\000c\000e\000\040\000V\000e\000r\000i\000f\000i\000c\000a\000t\000i\000o\000n\000\040\000P\000r\000o\000t\000o\000c\000o\000l\000s}{section.6}% 64
\BOOKMARK [3][-]{subsubsection.6.3.1}{\376\377\000A\000u\000t\000o\000m\000a\000t\000e\000d\000\040\000C\000o\000m\000p\000l\000i\000a\000n\000c\000e\000\040\000C\000h\000e\000c\000k\000i\000n\000g}{subsection.6.3}% 65
\BOOKMARK [3][-]{subsubsection.6.3.2}{\376\377\000T\000h\000i\000r\000d\000-\000P\000a\000r\000t\000y\000\040\000A\000u\000d\000i\000t\000\040\000S\000u\000p\000p\000o\000r\000t}{subsection.6.3}% 66
\BOOKMARK [1][-]{section.7}{\376\377\000I\000m\000p\000l\000e\000m\000e\000n\000t\000a\000t\000i\000o\000n\000\040\000C\000a\000s\000e\000\040\000S\000t\000u\000d\000i\000e\000s}{}% 67
\BOOKMARK [2][-]{subsection.7.1}{\376\377\000T\000h\000e\000o\000r\000e\000t\000i\000c\000a\000l\000\040\000B\000a\000n\000k\000i\000n\000g\000\040\000I\000m\000p\000l\000e\000m\000e\000n\000t\000a\000t\000i\000o\000n}{section.7}% 68
\BOOKMARK [3][-]{subsubsection.7.1.1}{\376\377\000L\000a\000r\000g\000e\000\040\000C\000o\000m\000m\000e\000r\000c\000i\000a\000l\000\040\000B\000a\000n\000k\000\040\000D\000e\000p\000l\000o\000y\000m\000e\000n\000t}{subsection.7.1}% 69
\BOOKMARK [3][-]{subsubsection.7.1.2}{\376\377\000C\000r\000e\000d\000i\000t\000\040\000S\000c\000o\000r\000i\000n\000g\000\040\000A\000I\000\040\000G\000o\000v\000e\000r\000n\000a\000n\000c\000e}{subsection.7.1}% 70
\BOOKMARK [2][-]{subsection.7.2}{\376\377\000T\000h\000e\000o\000r\000e\000t\000i\000c\000a\000l\000\040\000H\000e\000a\000l\000t\000h\000c\000a\000r\000e\000\040\000I\000m\000p\000l\000e\000m\000e\000n\000t\000a\000t\000i\000o\000n}{section.7}% 71
\BOOKMARK [3][-]{subsubsection.7.2.1}{\376\377\000H\000o\000s\000p\000i\000t\000a\000l\000\040\000H\000e\000a\000l\000t\000h\000\040\000S\000y\000s\000t\000e\000m\000\040\000D\000e\000p\000l\000o\000y\000m\000e\000n\000t}{subsection.7.2}% 72
\BOOKMARK [3][-]{subsubsection.7.2.2}{\376\377\000S\000o\000f\000t\000w\000a\000r\000e\000\040\000a\000s\000\040\000M\000e\000d\000i\000c\000a\000l\000\040\000D\000e\000v\000i\000c\000e\000\040\000\050\000S\000a\000M\000D\000\051\000\040\000C\000o\000m\000p\000l\000i\000a\000n\000c\000e}{subsection.7.2}% 73
\BOOKMARK [2][-]{subsection.7.3}{\376\377\000T\000h\000e\000o\000r\000e\000t\000i\000c\000a\000l\000\040\000G\000o\000v\000e\000r\000n\000m\000e\000n\000t\000\040\000I\000m\000p\000l\000e\000m\000e\000n\000t\000a\000t\000i\000o\000n}{section.7}% 74
\BOOKMARK [3][-]{subsubsection.7.3.1}{\376\377\000F\000e\000d\000e\000r\000a\000l\000\040\000A\000g\000e\000n\000c\000y\000\040\000D\000e\000p\000l\000o\000y\000m\000e\000n\000t}{subsection.7.3}% 75
\BOOKMARK [3][-]{subsubsection.7.3.2}{\376\377\000P\000u\000b\000l\000i\000c\000\040\000A\000c\000c\000o\000u\000n\000t\000a\000b\000i\000l\000i\000t\000y\000\040\000F\000r\000a\000m\000e\000w\000o\000r\000k}{subsection.7.3}% 76
\BOOKMARK [1][-]{section.8}{\376\377\000S\000e\000c\000u\000r\000i\000t\000y\000\040\000A\000n\000a\000l\000y\000s\000i\000s}{}% 77
\BOOKMARK [2][-]{subsection.8.1}{\376\377\000T\000h\000r\000e\000a\000t\000\040\000M\000o\000d\000e\000l}{section.8}% 78
\BOOKMARK [3][-]{subsubsection.8.1.1}{\376\377\000A\000t\000t\000a\000c\000k\000\040\000S\000u\000r\000f\000a\000c\000e\000\040\000A\000n\000a\000l\000y\000s\000i\000s}{subsection.8.1}% 79
\BOOKMARK [3][-]{subsubsection.8.1.2}{\376\377\000A\000d\000v\000e\000r\000s\000a\000r\000y\000\040\000M\000o\000d\000e\000l}{subsection.8.1}% 80
\BOOKMARK [2][-]{subsection.8.2}{\376\377\000S\000e\000c\000u\000r\000i\000t\000y\000\040\000C\000o\000n\000t\000r\000o\000l\000s}{section.8}% 81
\BOOKMARK [3][-]{subsubsection.8.2.1}{\376\377\000C\000r\000y\000p\000t\000o\000g\000r\000a\000p\000h\000i\000c\000\040\000D\000e\000f\000e\000n\000s\000e\000s}{subsection.8.2}% 82
\BOOKMARK [3][-]{subsubsection.8.2.2}{\376\377\000O\000p\000e\000r\000a\000t\000i\000o\000n\000a\000l\000\040\000S\000e\000c\000u\000r\000i\000t\000y}{subsection.8.2}% 83
\BOOKMARK [2][-]{subsection.8.3}{\376\377\000S\000e\000c\000u\000r\000i\000t\000y\000\040\000V\000a\000l\000i\000d\000a\000t\000i\000o\000n}{section.8}% 84
\BOOKMARK [3][-]{subsubsection.8.3.1}{\376\377\000T\000h\000e\000o\000r\000e\000t\000i\000c\000a\000l\000\040\000P\000e\000n\000e\000t\000r\000a\000t\000i\000o\000n\000\040\000T\000e\000s\000t\000i\000n\000g}{subsection.8.3}% 85
\BOOKMARK [3][-]{subsubsection.8.3.2}{\376\377\000C\000r\000y\000p\000t\000o\000g\000r\000a\000p\000h\000i\000c\000\040\000A\000n\000a\000l\000y\000s\000i\000s}{subsection.8.3}% 86
\BOOKMARK [1][-]{section.9}{\376\377\000F\000u\000t\000u\000r\000e\000\040\000D\000i\000r\000e\000c\000t\000i\000o\000n\000s\000\040\000a\000n\000d\000\040\000R\000e\000s\000e\000a\000r\000c\000h\000\040\000O\000p\000p\000o\000r\000t\000u\000n\000i\000t\000i\000e\000s}{}% 87
\BOOKMARK [2][-]{subsection.9.1}{\376\377\000T\000e\000c\000h\000n\000i\000c\000a\000l\000\040\000E\000n\000h\000a\000n\000c\000e\000m\000e\000n\000t\000\040\000O\000p\000p\000o\000r\000t\000u\000n\000i\000t\000i\000e\000s}{section.9}% 88
\BOOKMARK [3][-]{subsubsection.9.1.1}{\376\377\000P\000o\000s\000t\000-\000Q\000u\000a\000n\000t\000u\000m\000\040\000C\000r\000y\000p\000t\000o\000g\000r\000a\000p\000h\000y\000\040\000I\000n\000t\000e\000g\000r\000a\000t\000i\000o\000n}{subsection.9.1}% 89
\BOOKMARK [3][-]{subsubsection.9.1.2}{\376\377\000Z\000e\000r\000o\000-\000K\000n\000o\000w\000l\000e\000d\000g\000e\000\040\000P\000r\000o\000o\000f\000\040\000I\000n\000t\000e\000g\000r\000a\000t\000i\000o\000n}{subsection.9.1}% 90
\BOOKMARK [2][-]{subsection.9.2}{\376\377\000R\000e\000g\000u\000l\000a\000t\000o\000r\000y\000\040\000E\000v\000o\000l\000u\000t\000i\000o\000n\000\040\000A\000d\000a\000p\000t\000a\000t\000i\000o\000n}{section.9}% 91
\BOOKMARK [3][-]{subsubsection.9.2.1}{\376\377\000E\000m\000e\000r\000g\000i\000n\000g\000\040\000R\000e\000g\000u\000l\000a\000t\000o\000r\000y\000\040\000F\000r\000a\000m\000e\000w\000o\000r\000k\000s}{subsection.9.2}% 92
\BOOKMARK [3][-]{subsubsection.9.2.2}{\376\377\000I\000n\000d\000u\000s\000t\000r\000y\000\040\000E\000x\000p\000a\000n\000s\000i\000o\000n}{subsection.9.2}% 93
\BOOKMARK [2][-]{subsection.9.3}{\376\377\000E\000c\000o\000s\000y\000s\000t\000e\000m\000\040\000I\000n\000t\000e\000g\000r\000a\000t\000i\000o\000n}{section.9}% 94
\BOOKMARK [3][-]{subsubsection.9.3.1}{\376\377\000C\000l\000o\000u\000d\000\040\000P\000l\000a\000t\000f\000o\000r\000m\000\040\000I\000n\000t\000e\000g\000r\000a\000t\000i\000o\000n}{subsection.9.3}% 95
\BOOKMARK [3][-]{subsubsection.9.3.2}{\376\377\000A\000r\000t\000i\000f\000i\000c\000i\000a\000l\000\040\000I\000n\000t\000e\000l\000l\000i\000g\000e\000n\000c\000e\000\040\000I\000n\000t\000e\000g\000r\000a\000t\000i\000o\000n}{subsection.9.3}% 96
\BOOKMARK [1][-]{section.10}{\376\377\000L\000i\000m\000i\000t\000a\000t\000i\000o\000n\000s\000\040\000a\000n\000d\000\040\000C\000o\000n\000s\000i\000d\000e\000r\000a\000t\000i\000o\000n\000s}{}% 97
\BOOKMARK [2][-]{subsection.10.1}{\376\377\000T\000e\000c\000h\000n\000i\000c\000a\000l\000\040\000L\000i\000m\000i\000t\000a\000t\000i\000o\000n\000s}{section.10}% 98
\BOOKMARK [3][-]{subsubsection.10.1.1}{\376\377\000P\000e\000r\000f\000o\000r\000m\000a\000n\000c\000e\000\040\000C\000o\000n\000s\000t\000r\000a\000i\000n\000t\000s}{subsection.10.1}% 99
\BOOKMARK [3][-]{subsubsection.10.1.2}{\376\377\000S\000c\000a\000l\000a\000b\000i\000l\000i\000t\000y\000\040\000B\000o\000u\000n\000d\000a\000r\000i\000e\000s}{subsection.10.1}% 100
\BOOKMARK [2][-]{subsection.10.2}{\376\377\000R\000e\000g\000u\000l\000a\000t\000o\000r\000y\000\040\000C\000o\000n\000s\000i\000d\000e\000r\000a\000t\000i\000o\000n\000s}{section.10}% 101
\BOOKMARK [3][-]{subsubsection.10.2.1}{\376\377\000J\000u\000r\000i\000s\000d\000i\000c\000t\000i\000o\000n\000a\000l\000\040\000V\000a\000r\000i\000a\000t\000i\000o\000n\000s}{subsection.10.2}% 102
\BOOKMARK [3][-]{subsubsection.10.2.2}{\376\377\000I\000n\000d\000u\000s\000t\000r\000y\000-\000S\000p\000e\000c\000i\000f\000i\000c\000\040\000C\000o\000n\000s\000t\000r\000a\000i\000n\000t\000s}{subsection.10.2}% 103
\BOOKMARK [2][-]{subsection.10.3}{\376\377\000E\000c\000o\000n\000o\000m\000i\000c\000\040\000C\000o\000n\000s\000i\000d\000e\000r\000a\000t\000i\000o\000n\000s}{section.10}% 104
\BOOKMARK [3][-]{subsubsection.10.3.1}{\376\377\000I\000m\000p\000l\000e\000m\000e\000n\000t\000a\000t\000i\000o\000n\000\040\000C\000o\000s\000t\000s}{subsection.10.3}% 105
\BOOKMARK [3][-]{subsubsection.10.3.2}{\376\377\000R\000e\000t\000u\000r\000n\000\040\000o\000n\000\040\000I\000n\000v\000e\000s\000t\000m\000e\000n\000t\000\040\000V\000a\000r\000i\000a\000b\000i\000l\000i\000t\000y}{subsection.10.3}% 106
\BOOKMARK [1][-]{section.11}{\376\377\000C\000o\000n\000c\000l\000u\000s\000i\000o\000n}{}% 107
\BOOKMARK [2][-]{subsection.11.1}{\376\377\000S\000u\000m\000m\000a\000r\000y\000\040\000o\000f\000\040\000C\000o\000n\000t\000r\000i\000b\000u\000t\000i\000o\000n\000s}{section.11}% 108
\BOOKMARK [2][-]{subsection.11.2}{\376\377\000P\000r\000a\000c\000t\000i\000c\000a\000l\000\040\000I\000m\000p\000l\000i\000c\000a\000t\000i\000o\000n\000s}{section.11}% 109
\BOOKMARK [2][-]{subsection.11.3}{\376\377\000B\000r\000o\000a\000d\000e\000r\000\040\000I\000m\000p\000a\000c\000t}{section.11}% 110
\BOOKMARK [2][-]{subsection.11.4}{\376\377\000F\000u\000t\000u\000r\000e\000\040\000R\000e\000s\000e\000a\000r\000c\000h\000\040\000D\000i\000r\000e\000c\000t\000i\000o\000n\000s}{section.11}% 111
\BOOKMARK [2][-]{subsection.11.5}{\376\377\000F\000i\000n\000a\000l\000\040\000R\000e\000m\000a\000r\000k\000s}{section.11}% 112
